================================================================================
PANPROVA example HGT scale: running time on in creasing number of input genomes/genes
================================================================================
Full HGT genome list is in hgt_list.txt
--------------------------------------------------------------------------------
2
../../create_hgt_pool hgt_list_2 hgt_pool.tmp
1:22.62 82.62 711348
--------------------------------------------------------------------------------
3
../../create_hgt_pool hgt_list_3 hgt_pool.tmp
2:21.70 141.70 1112808
--------------------------------------------------------------------------------
4
../../create_hgt_pool hgt_list_4 hgt_pool.tmp
4:12.19 252.19 1653068
--------------------------------------------------------------------------------
5
../../create_hgt_pool hgt_list_5 hgt_pool.tmp
4:22.42 262.42 1727388
--------------------------------------------------------------------------------
6
../../create_hgt_pool hgt_list_6 hgt_pool.tmp
11:28.38 688.38 3828112
--------------------------------------------------------------------------------
7
../../create_hgt_pool hgt_list_7 hgt_pool.tmp
21:45.94 1305.94 7367968
--------------------------------------------------------------------------------
8
../../create_hgt_pool hgt_list_8 hgt_pool.tmp
33:28.41 2008.41 10458092
================================================================================
